Warning: Equate pins:  cell sky130_fd_pr__pfet_01v8 is a placeholder, treated as a black box.
Warning: Equate pins:  cell sky130_fd_pr__pfet_01v8 is a placeholder, treated as a black box.

Subcircuit pins:
Circuit 1: sky130_fd_pr__pfet_01v8         |Circuit 2: sky130_fd_pr__pfet_01v8         
-------------------------------------------|-------------------------------------------
1                                          |1                                          
2                                          |2                                          
3                                          |3                                          
4                                          |4                                          
---------------------------------------------------------------------------------------
Cell pin lists are equivalent.
Device classes sky130_fd_pr__pfet_01v8 and sky130_fd_pr__pfet_01v8 are equivalent.
Warning: Equate pins:  cell sky130_fd_pr__nfet_01v8 is a placeholder, treated as a black box.
Warning: Equate pins:  cell sky130_fd_pr__nfet_01v8 is a placeholder, treated as a black box.

Subcircuit pins:
Circuit 1: sky130_fd_pr__nfet_01v8         |Circuit 2: sky130_fd_pr__nfet_01v8         
-------------------------------------------|-------------------------------------------
1                                          |1                                          
2                                          |2                                          
3                                          |3                                          
4                                          |4                                          
---------------------------------------------------------------------------------------
Cell pin lists are equivalent.
Device classes sky130_fd_pr__nfet_01v8 and sky130_fd_pr__nfet_01v8 are equivalent.

Subcircuit summary:
Circuit 1: sky130_fd_pr__pfet_01v8_GDJJ3U  |Circuit 2: sky130_fd_pr__pfet_01v8_GDJJ3U  
-------------------------------------------|-------------------------------------------
sky130_fd_pr__pfet_01v8 (1)                |sky130_fd_pr__pfet_01v8 (1)                
Number of devices: 1                       |Number of devices: 1                       
Number of nets: 4                          |Number of nets: 4                          
---------------------------------------------------------------------------------------
Resolving automorphisms by property value.
Resolving automorphisms by pin name.
Netlists match uniquely.
Circuits match correctly.

Subcircuit pins:
Circuit 1: sky130_fd_pr__pfet_01v8_GDJJ3U  |Circuit 2: sky130_fd_pr__pfet_01v8_GDJJ3U  
-------------------------------------------|-------------------------------------------
a_n35_n236#                                |a_n35_n236#                                
a_n93_n139#                                |a_n93_n139#                                
a_35_n139#                                 |a_35_n139#                                 
w_n129_n239#                               |w_n129_n239#                               
---------------------------------------------------------------------------------------
Cell pin lists are equivalent.
Device classes sky130_fd_pr__pfet_01v8_GDJJ3U and sky130_fd_pr__pfet_01v8_GDJJ3U are equivalent.

Subcircuit summary:
Circuit 1: sky130_fd_pr__pfet_01v8_RWVM3U  |Circuit 2: sky130_fd_pr__pfet_01v8_RWVM3U  
-------------------------------------------|-------------------------------------------
sky130_fd_pr__pfet_01v8 (1)                |sky130_fd_pr__pfet_01v8 (1)                
Number of devices: 1                       |Number of devices: 1                       
Number of nets: 4                          |Number of nets: 4                          
---------------------------------------------------------------------------------------
Resolving automorphisms by property value.
Resolving automorphisms by pin name.
Netlists match uniquely.
Circuits match correctly.

Subcircuit pins:
Circuit 1: sky130_fd_pr__pfet_01v8_RWVM3U  |Circuit 2: sky130_fd_pr__pfet_01v8_RWVM3U  
-------------------------------------------|-------------------------------------------
a_n35_n272#                                |a_n35_n272#                                
a_n93_n175#                                |a_n93_n175#                                
a_35_n175#                                 |a_35_n175#                                 
w_n129_n275#                               |w_n129_n275#                               
---------------------------------------------------------------------------------------
Cell pin lists are equivalent.
Device classes sky130_fd_pr__pfet_01v8_RWVM3U and sky130_fd_pr__pfet_01v8_RWVM3U are equivalent.

Subcircuit summary:
Circuit 1: sky130_fd_pr__nfet_01v8_S4GQ7J  |Circuit 2: sky130_fd_pr__nfet_01v8_S4GQ7J  
-------------------------------------------|-------------------------------------------
sky130_fd_pr__nfet_01v8 (1)                |sky130_fd_pr__nfet_01v8 (1)                
Number of devices: 1                       |Number of devices: 1                       
Number of nets: 4                          |Number of nets: 4                          
---------------------------------------------------------------------------------------
Resolving automorphisms by property value.
Resolving automorphisms by pin name.
Netlists match uniquely.
Circuits match correctly.

Subcircuit pins:
Circuit 1: sky130_fd_pr__nfet_01v8_S4GQ7J  |Circuit 2: sky130_fd_pr__nfet_01v8_S4GQ7J  
-------------------------------------------|-------------------------------------------
a_n20_n76#                                 |a_n20_n76#                                 
a_n78_n50#                                 |a_n78_n50#                                 
a_20_n50#                                  |a_20_n50#                                  
VSUBS                                      |VSUBS                                      
---------------------------------------------------------------------------------------
Cell pin lists are equivalent.
Device classes sky130_fd_pr__nfet_01v8_S4GQ7J and sky130_fd_pr__nfet_01v8_S4GQ7J are equivalent.

Subcircuit summary:
Circuit 1: sky130_fd_pr__nfet_01v8_QY8CNP  |Circuit 2: sky130_fd_pr__nfet_01v8_QY8CNP  
-------------------------------------------|-------------------------------------------
sky130_fd_pr__nfet_01v8 (2)                |sky130_fd_pr__nfet_01v8 (2)                
Number of devices: 2                       |Number of devices: 2                       
Number of nets: 5                          |Number of nets: 5                          
---------------------------------------------------------------------------------------
Resolving automorphisms by property value.
Resolving automorphisms by pin name.
Netlists match uniquely.
Circuits match correctly.

Subcircuit pins:
Circuit 1: sky130_fd_pr__nfet_01v8_QY8CNP  |Circuit 2: sky130_fd_pr__nfet_01v8_QY8CNP  
-------------------------------------------|-------------------------------------------
a_n82_72#                                  |a_n82_72#                                  
a_n29_n50#                                 |a_n29_n50#                                 
VSUBS                                      |VSUBS                                      
a_n127_n50#                                |a_n127_n50#                                
a_69_n50#                                  |a_69_n50#                                  
---------------------------------------------------------------------------------------
Cell pin lists are equivalent.
Device classes sky130_fd_pr__nfet_01v8_QY8CNP and sky130_fd_pr__nfet_01v8_QY8CNP are equivalent.

Subcircuit summary:
Circuit 1: sky130_fd_pr__pfet_01v8_79XL75  |Circuit 2: sky130_fd_pr__pfet_01v8_79XL75  
-------------------------------------------|-------------------------------------------
sky130_fd_pr__pfet_01v8 (1)                |sky130_fd_pr__pfet_01v8 (1)                
Number of devices: 1                       |Number of devices: 1                       
Number of nets: 4                          |Number of nets: 4                          
---------------------------------------------------------------------------------------
Resolving automorphisms by property value.
Resolving automorphisms by pin name.
Netlists match uniquely.
Circuits match correctly.

Subcircuit pins:
Circuit 1: sky130_fd_pr__pfet_01v8_79XL75  |Circuit 2: sky130_fd_pr__pfet_01v8_79XL75  
-------------------------------------------|-------------------------------------------
a_n35_n236#                                |a_n35_n236#                                
a_n93_n139#                                |a_n93_n139#                                
a_35_n139#                                 |a_35_n139#                                 
w_n129_n239#                               |w_n129_n239#                               
---------------------------------------------------------------------------------------
Cell pin lists are equivalent.
Device classes sky130_fd_pr__pfet_01v8_79XL75 and sky130_fd_pr__pfet_01v8_79XL75 are equivalent.

Subcircuit summary:
Circuit 1: sky130_fd_pr__nfet_01v8_Y6ED9L  |Circuit 2: sky130_fd_pr__nfet_01v8_Y6ED9L  
-------------------------------------------|-------------------------------------------
sky130_fd_pr__nfet_01v8 (2)                |sky130_fd_pr__nfet_01v8 (2)                
Number of devices: 2                       |Number of devices: 2                       
Number of nets: 5                          |Number of nets: 5                          
---------------------------------------------------------------------------------------
Resolving automorphisms by property value.
Resolving automorphisms by pin name.
Netlists match uniquely.
Circuits match correctly.

Subcircuit pins:
Circuit 1: sky130_fd_pr__nfet_01v8_Y6ED9L  |Circuit 2: sky130_fd_pr__nfet_01v8_Y6ED9L  
-------------------------------------------|-------------------------------------------
a_n82_72#                                  |a_n82_72#                                  
a_n29_n50#                                 |a_n29_n50#                                 
VSUBS                                      |VSUBS                                      
a_n127_n50#                                |a_n127_n50#                                
a_127_n50#                                 |a_127_n50#                                 
---------------------------------------------------------------------------------------
Cell pin lists are equivalent.
Device classes sky130_fd_pr__nfet_01v8_Y6ED9L and sky130_fd_pr__nfet_01v8_Y6ED9L are equivalent.

Subcircuit summary:
Circuit 1: sky130_fd_pr__nfet_01v8_75NWZG  |Circuit 2: sky130_fd_pr__nfet_01v8_75NWZG  
-------------------------------------------|-------------------------------------------
sky130_fd_pr__nfet_01v8 (2)                |sky130_fd_pr__nfet_01v8 (2)                
Number of devices: 2                       |Number of devices: 2                       
Number of nets: 5                          |Number of nets: 5                          
---------------------------------------------------------------------------------------
Resolving automorphisms by property value.
Resolving automorphisms by pin name.
Netlists match uniquely.
Circuits match correctly.

Subcircuit pins:
Circuit 1: sky130_fd_pr__nfet_01v8_75NWZG  |Circuit 2: sky130_fd_pr__nfet_01v8_75NWZG  
-------------------------------------------|-------------------------------------------
a_63_n50#                                  |a_63_n50#                                  
a_n125_n50#                                |a_n125_n50#                                
a_n33_n50#                                 |a_n33_n50#                                 
a_n63_n76#                                 |a_n63_n76#                                 
VSUBS                                      |VSUBS                                      
---------------------------------------------------------------------------------------
Cell pin lists are equivalent.
Device classes sky130_fd_pr__nfet_01v8_75NWZG and sky130_fd_pr__nfet_01v8_75NWZG are equivalent.

Subcircuit summary:
Circuit 1: afe_xschem                      |Circuit 2: afe_xschem                      
-------------------------------------------|-------------------------------------------
sky130_fd_pr__pfet_01v8_GDJJ3U (1)         |sky130_fd_pr__pfet_01v8_GDJJ3U (1)         
sky130_fd_pr__pfet_01v8_RWVM3U (1)         |sky130_fd_pr__pfet_01v8_RWVM3U (1)         
sky130_fd_pr__nfet_01v8_S4GQ7J (1)         |sky130_fd_pr__nfet_01v8_S4GQ7J (1)         
sky130_fd_pr__nfet_01v8_QY8CNP (1)         |sky130_fd_pr__nfet_01v8_QY8CNP (1)         
sky130_fd_pr__pfet_01v8_79XL75 (1)         |sky130_fd_pr__pfet_01v8_79XL75 (1)         
sky130_fd_pr__nfet_01v8_Y6ED9L (1)         |sky130_fd_pr__nfet_01v8_Y6ED9L (1)         
sky130_fd_pr__nfet_01v8_75NWZG (1)         |sky130_fd_pr__nfet_01v8_75NWZG (1)         
Number of devices: 7                       |Number of devices: 7                       
Number of nets: 8                          |Number of nets: 8                          
---------------------------------------------------------------------------------------
Circuits match uniquely.
Netlists match uniquely.

Subcircuit pins:
Circuit 1: afe_xschem                      |Circuit 2: afe_xschem                      
-------------------------------------------|-------------------------------------------
In                                         |In                                         
GND                                        |GND                                        
VDD                                        |VDD                                        
Out                                        |Out                                        
---------------------------------------------------------------------------------------
Cell pin lists are equivalent.
Device classes afe_xschem and afe_xschem are equivalent.
Circuits match uniquely.
