"polygons" in: met_min_ca_density.lydrc:35
    Polygons (raw): 46 (flat)  46 (hierarchical)
    Elapsed: 0.010s  Memory: 521.00M
"polygons" in: met_min_ca_density.lydrc:36
    Polygons (raw): 53 (flat)  53 (hierarchical)
    Elapsed: 0.000s  Memory: 521.00M
"polygons" in: met_min_ca_density.lydrc:38
    Polygons (raw): 48 (flat)  48 (hierarchical)
    Elapsed: 0.010s  Memory: 521.00M
"polygons" in: met_min_ca_density.lydrc:39
    Polygons (raw): 2 (flat)  2 (hierarchical)
    Elapsed: 0.000s  Memory: 521.00M
"polygons" in: met_min_ca_density.lydrc:41
    Polygons (raw): 998 (flat)  998 (hierarchical)
    Elapsed: 0.010s  Memory: 521.00M
"polygons" in: met_min_ca_density.lydrc:42
    Polygons (raw): 0 (flat)  0 (hierarchical)
    Elapsed: 0.010s  Memory: 521.00M
"polygons" in: met_min_ca_density.lydrc:44
    Polygons (raw): 368 (flat)  368 (hierarchical)
    Elapsed: 0.000s  Memory: 521.00M
"polygons" in: met_min_ca_density.lydrc:45
    Polygons (raw): 0 (flat)  0 (hierarchical)
    Elapsed: 0.010s  Memory: 521.00M
"polygons" in: met_min_ca_density.lydrc:47
    Polygons (raw): 12 (flat)  12 (hierarchical)
    Elapsed: 0.000s  Memory: 521.00M
"polygons" in: met_min_ca_density.lydrc:48
    Polygons (raw): 0 (flat)  0 (hierarchical)
    Elapsed: 0.010s  Memory: 521.00M
"polygons" in: met_min_ca_density.lydrc:49
    Polygons (raw): 0 (flat)  0 (hierarchical)
    Elapsed: 0.000s  Memory: 521.00M
"polygons" in: met_min_ca_density.lydrc:51
    Polygons (raw): 12 (flat)  12 (hierarchical)
    Elapsed: 0.010s  Memory: 521.00M
"input" in: met_min_ca_density.lydrc:53
    Polygons (raw): 1 (flat)  1 (hierarchical)
    Elapsed: 0.000s  Memory: 521.00M
"area" in: met_min_ca_density.lydrc:55
    Elapsed: 0.000s  Memory: 521.00M
"polygons" in: met_min_ca_density.lydrc:59
    Polygons (raw): 46 (flat)  46 (hierarchical)
    Elapsed: 0.010s  Memory: 521.00M
"area" in: met_min_ca_density.lydrc:59
    Elapsed: 0.010s  Memory: 521.00M
li1_ca_density is 0.9999993848361612
"polygons" in: met_min_ca_density.lydrc:69
    Polygons (raw): 48 (flat)  48 (hierarchical)
    Elapsed: 0.010s  Memory: 521.00M
"area" in: met_min_ca_density.lydrc:69
    Elapsed: 0.000s  Memory: 521.00M
m1_ca_density is 0.9999994387210072
"polygons" in: met_min_ca_density.lydrc:79
    Polygons (raw): 998 (flat)  998 (hierarchical)
    Elapsed: 0.010s  Memory: 521.00M
"area" in: met_min_ca_density.lydrc:79
    Elapsed: 0.010s  Memory: 521.00M
m2_ca_density is 0.9998275774731475
"polygons" in: met_min_ca_density.lydrc:89
    Polygons (raw): 368 (flat)  368 (hierarchical)
    Elapsed: 0.000s  Memory: 521.00M
"area" in: met_min_ca_density.lydrc:89
    Elapsed: 0.010s  Memory: 521.00M
m3_ca_density is 0.9988694645080947
"polygons" in: met_min_ca_density.lydrc:99
    Polygons (raw): 12 (flat)  12 (hierarchical)
    Elapsed: 0.000s  Memory: 521.00M
"area" in: met_min_ca_density.lydrc:99
    Elapsed: 0.000s  Memory: 521.00M
m4_ca_density is 0.999817578611457
"polygons" in: met_min_ca_density.lydrc:109
    Polygons (raw): 12 (flat)  12 (hierarchical)
    Elapsed: 0.010s  Memory: 521.00M
"area" in: met_min_ca_density.lydrc:109
    Elapsed: 0.000s  Memory: 521.00M
m5_ca_density is 0.999817578611457
Writing report database: /home/andalib/caravel_user_project_analog/precheck_results/05_SEP_2022___15_07_00/outputs/reports/klayout_met_min_ca_density_check.xml ..
Total elapsed: 0.160s  Memory: 521.00M
