2022-09-05 15:07:00 - [INFO] - {{EXTRACTING FILES}} Extracting compressed files in: /home/andalib/caravel_user_project_analog
2022-09-05 15:07:00 - [INFO] - {{Project Type Info}} analog
2022-09-05 15:07:00 - [INFO] - {{Project GDS Info}} user_analog_project_wrapper: 873a2832cadd72df46e4650680eb9adaee5c0131
2022-09-05 15:07:00 - [INFO] - {{Tools Info}} KLayout: v0.27.10 | Magic: v8.3.315
2022-09-05 15:07:00 - [ERROR] - MPW Precheck failed to get Open PDKs & Skywater PDK versions: Command '['git', '-C', '/home/andalib/open_pdks', 'rev-parse', '--verify', 'HEAD']' returned non-zero exit status 128.
2022-09-05 15:07:00 - [INFO] - {{START}} Precheck Started, the full log 'precheck.log' will be located in '/home/andalib/caravel_user_project_analog/precheck_results/05_SEP_2022___15_07_00/logs'
2022-09-05 15:07:00 - [INFO] - {{PRECHECK SEQUENCE}} Precheck will run the following checks: [License, Makefile, Default, Documentation, Consistency, XOR, Magic DRC, Klayout FEOL, Klayout BEOL, Klayout Offgrid, Klayout Metal Minimum Clear Area Density, Klayout Pin Label Purposes Overlapping Drawing, Klayout ZeroArea]
2022-09-05 15:07:00 - [INFO] - {{STEP UPDATE}} Executing Check 1 of 13: License
2022-09-05 15:07:01 - [INFO] - An approved LICENSE (Apache-2.0) was found in /home/andalib/caravel_user_project_analog.
2022-09-05 15:07:01 - [INFO] - {{MAIN LICENSE CHECK PASSED}} An approved LICENSE was found in project root.
2022-09-05 15:07:02 - [INFO] - An approved LICENSE (Apache-2.0) was found in /home/andalib/caravel_user_project_analog.
2022-09-05 15:07:03 - [INFO] - An approved LICENSE (Apache-2.0) was found in /home/andalib/caravel_user_project_analog.
2022-09-05 15:07:03 - [INFO] - {{SUBMODULES LICENSE CHECK PASSED}} No prohibited LICENSE file(s) was found in project submodules
2022-09-05 15:07:03 - [INFO] - {{SPDX COMPLIANCE CHECK PASSED}} Project is compliant with the SPDX Standard
2022-09-05 15:07:03 - [INFO] - {{STEP UPDATE}} Executing Check 2 of 13: Makefile
2022-09-05 15:07:03 - [INFO] - {{MAKEFILE CHECK PASSED}} Makefile valid.
2022-09-05 15:07:03 - [INFO] - {{STEP UPDATE}} Executing Check 3 of 13: Default
2022-09-05 15:07:03 - [WARNING] - The provided 'README.md' is identical to the default 'README.md'
2022-09-05 15:07:03 - [WARNING] - {{README DEFAULT CHECK FAILED}} Project 'README.md' was not modified and is identical to the default 'README.md'
2022-09-05 15:07:03 - [INFO] - {{CONTENT DEFAULT CHECK PASSED}} Project 'gds' was modified and is not identical to the default 'gds'
2022-09-05 15:07:03 - [INFO] - {{STEP UPDATE}} Executing Check 4 of 13: Documentation
2022-09-05 15:07:03 - [INFO] - {{DOCUMENTATION CHECK PASSED}} Project documentation is appropriate.
2022-09-05 15:07:03 - [INFO] - {{STEP UPDATE}} Executing Check 5 of 13: Consistency
2022-09-05 15:07:04 - [INFO] - HIERARCHY CHECK PASSED: Module user_analog_project_wrapper is instantiated in caravan. 
2022-09-05 15:07:04 - [INFO] - COMPLEXITY CHECK PASSED: Netlist caravan contains at least 8 instances (68 instances). 
2022-09-05 15:07:04 - [INFO] - MODELING CHECK PASSED: Netlist caravan is structural.
2022-09-05 15:07:04 - [INFO] - SUBMODULE HOOKS CHECK PASSED: All module ports for user_analog_project_wrapper are correctly connected in the top level netlist caravan.
2022-09-05 15:07:04 - [INFO] - {{NETLIST CONSISTENCY CHECK PASSED}} caravan netlist passed all consistency checks.
2022-09-05 15:07:04 - [WARNING] - PORTS CHECK FAILED: user_analog_project_wrapper ports do not match the golden wrapper ports. Mismatching ports are : ['Out', 'VN', 'VP']
2022-09-05 15:07:04 - [INFO] - COMPLEXITY CHECK PASSED: Netlist user_analog_project_wrapper contains at least 1 instances (10 instances). 
2022-09-05 15:07:04 - [INFO] - MODELING CHECK PASSED: Netlist user_analog_project_wrapper is structural.
2022-09-05 15:07:04 - [INFO] - LAYOUT CHECK PASSED: The GDS layout for user_analog_project_wrapper matches the provided structural netlist.
2022-09-05 15:07:04 - [WARNING] - {{NETLIST CONSISTENCY CHECK FAILED}} user_analog_project_wrapper netlist failed 1 consistency check(s): ['PORTS'].
2022-09-05 15:07:04 - [WARNING] - {{CONSISTENCY CHECK FAILED}} The user netlist and the top netlist are not valid.
2022-09-05 15:07:04 - [INFO] - {{STEP UPDATE}} Executing Check 6 of 13: XOR
2022-09-05 15:07:06 - [ERROR] - XOR CHECK FILE NOT FOUND in /home/andalib/caravel_user_project_analog/precheck_results/05_SEP_2022___15_07_00/logs/xor_check.total
2022-09-05 15:07:06 - [WARNING] - {{XOR CHECK FAILED}} The GDS file has non-conforming geometries.
2022-09-05 15:07:06 - [INFO] - {{STEP UPDATE}} Executing Check 7 of 13: Magic DRC
2022-09-05 15:07:06 - [INFO] - 0 DRC violations
2022-09-05 15:07:06 - [INFO] - {{MAGIC DRC CHECK PASSED}} The GDS file, user_analog_project_wrapper.gds, has no DRC violations.
2022-09-05 15:07:06 - [INFO] - {{STEP UPDATE}} Executing Check 8 of 13: Klayout FEOL
2022-09-05 15:07:09 - [INFO] - No DRC Violations found
2022-09-05 15:07:09 - [INFO] - {{Klayout FEOL CHECK PASSED}} The GDS file, user_analog_project_wrapper.gds, has no DRC violations.
2022-09-05 15:07:09 - [INFO] - {{STEP UPDATE}} Executing Check 9 of 13: Klayout BEOL
2022-09-05 15:07:12 - [INFO] - No DRC Violations found
2022-09-05 15:07:12 - [INFO] - {{Klayout BEOL CHECK PASSED}} The GDS file, user_analog_project_wrapper.gds, has no DRC violations.
2022-09-05 15:07:12 - [INFO] - {{STEP UPDATE}} Executing Check 10 of 13: Klayout Offgrid
2022-09-05 15:07:14 - [INFO] - No DRC Violations found
2022-09-05 15:07:14 - [INFO] - {{Klayout Offgrid CHECK PASSED}} The GDS file, user_analog_project_wrapper.gds, has no DRC violations.
2022-09-05 15:07:14 - [INFO] - {{STEP UPDATE}} Executing Check 11 of 13: Klayout Metal Minimum Clear Area Density
2022-09-05 15:07:15 - [INFO] - No DRC Violations found
2022-09-05 15:07:15 - [INFO] - {{Klayout Metal Minimum Clear Area Density CHECK PASSED}} The GDS file, user_analog_project_wrapper.gds, has no DRC violations.
2022-09-05 15:07:15 - [INFO] - {{STEP UPDATE}} Executing Check 12 of 13: Klayout Pin Label Purposes Overlapping Drawing
2022-09-05 15:07:16 - [INFO] - No DRC Violations found
2022-09-05 15:07:16 - [INFO] - {{Klayout Pin Label Purposes Overlapping Drawing CHECK PASSED}} The GDS file, user_analog_project_wrapper.gds, has no DRC violations.
2022-09-05 15:07:16 - [INFO] - {{STEP UPDATE}} Executing Check 13 of 13: Klayout ZeroArea
2022-09-05 15:07:17 - [INFO] - No DRC Violations found
2022-09-05 15:07:17 - [INFO] - {{Klayout ZeroArea CHECK PASSED}} The GDS file, user_analog_project_wrapper.gds, has no DRC violations.
2022-09-05 15:07:17 - [INFO] - {{FINISH}} Executing Finished, the full log 'precheck.log' can be found in '/home/andalib/caravel_user_project_analog/precheck_results/05_SEP_2022___15_07_00/logs'
2022-09-05 15:07:17 - [CRITICAL] - {{FAILURE}} 3 Check(s) Failed: ['Default', 'Consistency', 'XOR'] !!!
