2022-09-10 02:25:57 - [INFO] - {{EXTRACTING FILES}} Extracting compressed files in: /home/andalib/caravel_user_project_analog
2022-09-10 02:25:57 - [INFO] - {{Project Type Info}} analog
2022-09-10 02:25:57 - [INFO] - {{Project GDS Info}} user_analog_project_wrapper: 536255b4307a9bc4212c5f280423142fd55c8811
2022-09-10 02:25:57 - [INFO] - {{Tools Info}} KLayout: v0.27.10 | Magic: v8.3.315
2022-09-10 02:25:57 - [ERROR] - MPW Precheck failed to get Open PDKs & Skywater PDK versions: Command '['git', '-C', '/home/andalib/test_pdk_path/open_pdks', 'rev-parse', '--verify', 'HEAD']' returned non-zero exit status 128.
2022-09-10 02:25:57 - [INFO] - {{START}} Precheck Started, the full log 'precheck.log' will be located in '/home/andalib/caravel_user_project_analog/precheck_results/10_SEP_2022___02_25_57/logs'
2022-09-10 02:25:57 - [INFO] - {{PRECHECK SEQUENCE}} Precheck will run the following checks: [License, Makefile, Default, Documentation, Consistency, XOR, Magic DRC, Klayout FEOL, Klayout BEOL, Klayout Offgrid, Klayout Metal Minimum Clear Area Density, Klayout Pin Label Purposes Overlapping Drawing, Klayout ZeroArea]
2022-09-10 02:25:57 - [INFO] - {{STEP UPDATE}} Executing Check 1 of 13: License
2022-09-10 02:25:58 - [INFO] - An approved LICENSE (Apache-2.0) was found in /home/andalib/caravel_user_project_analog.
2022-09-10 02:25:58 - [INFO] - {{MAIN LICENSE CHECK PASSED}} An approved LICENSE was found in project root.
2022-09-10 02:25:58 - [INFO] - An approved LICENSE (Apache-2.0) was found in /home/andalib/caravel_user_project_analog.
2022-09-10 02:25:59 - [INFO] - An approved LICENSE (Apache-2.0) was found in /home/andalib/caravel_user_project_analog.
2022-09-10 02:25:59 - [INFO] - {{SUBMODULES LICENSE CHECK PASSED}} No prohibited LICENSE file(s) was found in project submodules
2022-09-10 02:25:59 - [INFO] - {{SPDX COMPLIANCE CHECK PASSED}} Project is compliant with the SPDX Standard
2022-09-10 02:25:59 - [INFO] - {{STEP UPDATE}} Executing Check 2 of 13: Makefile
2022-09-10 02:25:59 - [INFO] - {{MAKEFILE CHECK PASSED}} Makefile valid.
2022-09-10 02:25:59 - [INFO] - {{STEP UPDATE}} Executing Check 3 of 13: Default
2022-09-10 02:25:59 - [WARNING] - The provided 'README.md' is identical to the default 'README.md'
2022-09-10 02:25:59 - [WARNING] - {{README DEFAULT CHECK FAILED}} Project 'README.md' was not modified and is identical to the default 'README.md'
2022-09-10 02:25:59 - [INFO] - {{CONTENT DEFAULT CHECK PASSED}} Project 'gds' was modified and is not identical to the default 'gds'
2022-09-10 02:25:59 - [INFO] - {{STEP UPDATE}} Executing Check 4 of 13: Documentation
2022-09-10 02:25:59 - [INFO] - {{DOCUMENTATION CHECK PASSED}} Project documentation is appropriate.
2022-09-10 02:25:59 - [INFO] - {{STEP UPDATE}} Executing Check 5 of 13: Consistency
2022-09-10 02:26:01 - [INFO] - HIERARCHY CHECK PASSED: Module user_analog_project_wrapper is instantiated in caravan. 
2022-09-10 02:26:01 - [INFO] - COMPLEXITY CHECK PASSED: Netlist caravan contains at least 8 instances (68 instances). 
2022-09-10 02:26:01 - [INFO] - MODELING CHECK PASSED: Netlist caravan is structural.
2022-09-10 02:26:01 - [INFO] - SUBMODULE HOOKS CHECK PASSED: All module ports for user_analog_project_wrapper are correctly connected in the top level netlist caravan.
2022-09-10 02:26:01 - [INFO] - {{NETLIST CONSISTENCY CHECK PASSED}} caravan netlist passed all consistency checks.
2022-09-10 02:26:01 - [INFO] - PORTS CHECK PASSED: Netlist user_analog_project_wrapper ports match the golden wrapper ports
2022-09-10 02:26:01 - [INFO] - COMPLEXITY CHECK PASSED: Netlist user_analog_project_wrapper contains at least 1 instances (1 instances). 
2022-09-10 02:26:01 - [INFO] - MODELING CHECK PASSED: Netlist user_analog_project_wrapper is structural.
2022-09-10 02:26:01 - [INFO] - LAYOUT CHECK PASSED: The GDS layout for user_analog_project_wrapper matches the provided structural netlist.
2022-09-10 02:26:01 - [INFO] - {{NETLIST CONSISTENCY CHECK PASSED}} user_analog_project_wrapper netlist passed all consistency checks.
2022-09-10 02:26:01 - [INFO] - {{CONSISTENCY CHECK PASSED}} The user netlist and the top netlist are valid.
2022-09-10 02:26:01 - [INFO] - {{STEP UPDATE}} Executing Check 6 of 13: XOR
2022-09-10 02:26:02 - [ERROR] - XOR CHECK FILE NOT FOUND in /home/andalib/caravel_user_project_analog/precheck_results/10_SEP_2022___02_25_57/logs/xor_check.total
2022-09-10 02:26:02 - [WARNING] - {{XOR CHECK FAILED}} The GDS file has non-conforming geometries.
2022-09-10 02:26:02 - [INFO] - {{STEP UPDATE}} Executing Check 7 of 13: Magic DRC
2022-09-10 02:26:02 - [INFO] - 0 DRC violations
2022-09-10 02:26:02 - [INFO] - {{MAGIC DRC CHECK PASSED}} The GDS file, user_analog_project_wrapper.gds, has no DRC violations.
2022-09-10 02:26:02 - [INFO] - {{STEP UPDATE}} Executing Check 8 of 13: Klayout FEOL
2022-09-10 02:26:05 - [INFO] - No DRC Violations found
2022-09-10 02:26:05 - [INFO] - {{Klayout FEOL CHECK PASSED}} The GDS file, user_analog_project_wrapper.gds, has no DRC violations.
2022-09-10 02:26:05 - [INFO] - {{STEP UPDATE}} Executing Check 9 of 13: Klayout BEOL
2022-09-10 02:26:08 - [ERROR] - Total # of DRC violations is 33 Please check /home/andalib/caravel_user_project_analog/precheck_results/10_SEP_2022___02_25_57/outputs/reports/klayout_beol_check.xml For more details
2022-09-10 02:26:08 - [WARNING] - {{Klayout BEOL CHECK FAILED}} The GDS file, user_analog_project_wrapper.gds, has DRC violations.
2022-09-10 02:26:08 - [INFO] - {{STEP UPDATE}} Executing Check 10 of 13: Klayout Offgrid
2022-09-10 02:26:10 - [INFO] - No DRC Violations found
2022-09-10 02:26:10 - [INFO] - {{Klayout Offgrid CHECK PASSED}} The GDS file, user_analog_project_wrapper.gds, has no DRC violations.
2022-09-10 02:26:10 - [INFO] - {{STEP UPDATE}} Executing Check 11 of 13: Klayout Metal Minimum Clear Area Density
2022-09-10 02:26:11 - [INFO] - No DRC Violations found
2022-09-10 02:26:11 - [INFO] - {{Klayout Metal Minimum Clear Area Density CHECK PASSED}} The GDS file, user_analog_project_wrapper.gds, has no DRC violations.
2022-09-10 02:26:11 - [INFO] - {{STEP UPDATE}} Executing Check 12 of 13: Klayout Pin Label Purposes Overlapping Drawing
2022-09-10 02:26:13 - [INFO] - No DRC Violations found
2022-09-10 02:26:13 - [INFO] - {{Klayout Pin Label Purposes Overlapping Drawing CHECK PASSED}} The GDS file, user_analog_project_wrapper.gds, has no DRC violations.
2022-09-10 02:26:13 - [INFO] - {{STEP UPDATE}} Executing Check 13 of 13: Klayout ZeroArea
2022-09-10 02:26:13 - [INFO] - No DRC Violations found
2022-09-10 02:26:13 - [INFO] - {{Klayout ZeroArea CHECK PASSED}} The GDS file, user_analog_project_wrapper.gds, has no DRC violations.
2022-09-10 02:26:13 - [INFO] - {{FINISH}} Executing Finished, the full log 'precheck.log' can be found in '/home/andalib/caravel_user_project_analog/precheck_results/10_SEP_2022___02_25_57/logs'
2022-09-10 02:26:13 - [CRITICAL] - {{FAILURE}} 3 Check(s) Failed: ['Default', 'XOR', 'Klayout BEOL'] !!!
